<?xml version="1.0" encoding="UTF-8"?>
<!-- Generated by org.testng.reporters.JUnitXMLReporter -->
<testsuite hostname="BLRKEC266750L" ignored="0" name="Test" tests="5" failures="0" timestamp="04 Feb 2020 16:42:51 GMT" time="40.745" errors="0">
  <testcase name="HomePageLogoTest" time="4.58" classname="com.crm.qa.testcases.FlipkartPriceTest"/>
  <testcase name="ValidatePriceOnAFlipkart" time="5.865" classname="com.crm.qa.testcases.FlipkartPriceTest"/>
  <testcase name="HomePageLogoTest" time="3.276" classname="com.crm.qa.testcases.AmazonPriceTest"/>
  <testcase name="ValidatePriceOnAmazon" time="8.501" classname="com.crm.qa.testcases.AmazonPriceTest"/>
  <testcase name="tearDown" time="0.003" classname="com.crm.qa.testcases.validateValue"/>
</testsuite> <!-- Test -->
